
Completed. Result Summary
-------------------------------------------

	Sub-graph: Graph-Edges_[A->B],[B->C],	 Mappings: 16	 Is Frequent Subgraph? True
		[A-B-C-] => [1-2-3-]
		[A-B-C-] => [1-2-6-]
		[A-B-C-] => [3-2-6-]
		[A-B-C-] => [1-2-7-]
		[A-B-C-] => [3-2-7-]
		[A-B-C-] => [6-2-7-]
		[A-B-C-] => [1-3-8-]
		[A-B-C-] => [2-3-8-]
		[A-B-C-] => [1-3-0-]
		[A-B-C-] => [2-3-0-]
		[A-B-C-] => [8-3-0-]
		[A-B-C-] => [2-1-4-]
		[A-B-C-] => [3-1-4-]
		[A-B-C-] => [2-1-5-]
		[A-B-C-] => [3-1-5-]
		[A-B-C-] => [4-1-5-]
	Sub-graph: Graph-Edges_[A->B],[A->C],[B->C],	 Mappings: 1	 Is Frequent Subgraph? True
		[A-B-C-] => [1-2-3-]

Time Taken: 00:01:05.1875917 (65,187.00ms)
Network: Nodes - 9; Edges: 9;
Total Mappings found: 17
Subgraph Size: 3
-------------------------------------------

